<?xml version="1.0" encoding="UTF-8"?>
<testng-results ignored="0" total="1" passed="1" failed="0" skipped="0">
  <reporter-output>
  </reporter-output>
  <suite started-at="2023-11-20T16:52:15 IST" name="Suite" finished-at="2023-11-20T16:52:42 IST" duration-ms="27141">
    <groups>
    </groups>
    <test started-at="2023-11-20T16:52:15 IST" name="Test" finished-at="2023-11-20T16:52:42 IST" duration-ms="27141">
      <class name="Testcases.OrangeHRM">
        <test-method is-config="true" signature="lanchApp()[pri:0, instance:Testcases.OrangeHRM@e350b40]" started-at="2023-11-20T16:52:07 IST" name="lanchApp" finished-at="2023-11-20T16:52:15 IST" duration-ms="7836" status="PASS">
          <reporter-output>
          </reporter-output>
        </test-method> <!-- lanchApp -->
        <test-method is-config="true" signature="login()[pri:0, instance:Testcases.OrangeHRM@e350b40]" started-at="2023-11-20T16:52:15 IST" name="login" finished-at="2023-11-20T16:52:17 IST" duration-ms="1881" status="PASS">
          <reporter-output>
          </reporter-output>
        </test-method> <!-- login -->
        <test-method signature="orangHRM(java.lang.String,java.lang.String,java.lang.String,java.lang.String,java.lang.String,java.lang.String)[pri:0, instance:Testcases.OrangeHRM@e350b40]" started-at="2023-11-20T16:52:17 IST" name="orangHRM" finished-at="2023-11-20T16:52:40 IST" duration-ms="23079" status="PASS">
          <params>
            <param index="0">
              <value>
                <![CDATA[suresh]]>
              </value>
            </param>
            <param index="1">
              <value>
                <![CDATA[babu]]>
              </value>
            </param>
            <param index="2">
              <value>
                <![CDATA[bali]]>
              </value>
            </param>
            <param index="3">
              <value>
                <![CDATA[suresh]]>
              </value>
            </param>
            <param index="4">
              <value>
                <![CDATA[suresh]]>
              </value>
            </param>
            <param index="5">
              <value>
                <![CDATA[admin@123]]>
              </value>
            </param>
          </params>
          <reporter-output>
          </reporter-output>
        </test-method> <!-- orangHRM -->
        <test-method is-config="true" signature="logout()[pri:0, instance:Testcases.OrangeHRM@e350b40]" started-at="2023-11-20T16:52:40 IST" name="logout" finished-at="2023-11-20T16:52:42 IST" duration-ms="2132" status="PASS">
          <reporter-output>
          </reporter-output>
        </test-method> <!-- logout -->
        <test-method is-config="true" signature="closeApp()[pri:0, instance:Testcases.OrangeHRM@e350b40]" started-at="2023-11-20T16:52:42 IST" name="closeApp" finished-at="2023-11-20T16:52:43 IST" duration-ms="488" status="PASS">
          <reporter-output>
          </reporter-output>
        </test-method> <!-- closeApp -->
      </class> <!-- Testcases.OrangeHRM -->
    </test> <!-- Test -->
  </suite> <!-- Suite -->
</testng-results>
